[0.058s] Invoking command in '/home/klingjac/ws_offboard_control/build/px4_ros_com': AMENT_PREFIX_PATH=/home/klingjac/ws_offboard_control/install/px4_msgs:${AMENT_PREFIX_PATH} CMAKE_PREFIX_PATH=/home/klingjac/ws_offboard_control/install/px4_msgs:/opt/ros/humble LD_LIBRARY_PATH=/home/klingjac/ws_offboard_control/install/px4_msgs/lib:${LD_LIBRARY_PATH} PYTHONPATH=/home/klingjac/ws_offboard_control/install/px4_msgs/local/lib/python3.10/dist-packages:${PYTHONPATH} /usr/bin/cmake --build /home/klingjac/ws_offboard_control/build/px4_ros_com -- -j20 -l20
[0.070s] -- Found ament_cmake: 1.3.5 (/opt/ros/humble/share/ament_cmake/cmake)
[0.157s] -- Found builtin_interfaces: 1.2.1 (/opt/ros/humble/share/builtin_interfaces/cmake)
[0.295s] -- Found rosidl_generator_c: 3.1.5 (/opt/ros/humble/share/rosidl_generator_c/cmake)
[0.298s] -- Found rosidl_adapter: 3.1.5 (/opt/ros/humble/share/rosidl_adapter/cmake)
[0.306s] -- Found rosidl_generator_cpp: 3.1.5 (/opt/ros/humble/share/rosidl_generator_cpp/cmake)
[0.315s] -- Using all available rosidl_typesupport_c: rosidl_typesupport_fastrtps_c;rosidl_typesupport_introspection_c
[0.327s] -- Using all available rosidl_typesupport_cpp: rosidl_typesupport_fastrtps_cpp;rosidl_typesupport_introspection_cpp
[0.338s] -- Found eigen3_cmake_module: 0.1.1 (/opt/ros/humble/share/eigen3_cmake_module/cmake)
[0.341s] -- Found geometry_msgs: 4.2.3 (/opt/ros/humble/share/geometry_msgs/cmake)
[0.403s] -- Found px4_msgs: 2.0.1 (/home/klingjac/ws_offboard_control/install/px4_msgs/share/px4_msgs/cmake)
[0.426s] -- Found rclcpp: 16.0.5 (/opt/ros/humble/share/rclcpp/cmake)
[0.466s] -- Found rmw_implementation_cmake: 6.1.1 (/opt/ros/humble/share/rmw_implementation_cmake/cmake)
[0.468s] -- Found rmw_fastrtps_cpp: 6.2.3 (/opt/ros/humble/share/rmw_fastrtps_cpp/cmake)
[5.029s] -- Using RMW implementation 'rmw_fastrtps_cpp' as default
[5.118s] -- Found sensor_msgs: 4.2.3 (/opt/ros/humble/share/sensor_msgs/cmake)
[5.169s] -- Found visualization_msgs: 4.2.3 (/opt/ros/humble/share/visualization_msgs/cmake)
[5.242s] -- Found tf2_ros: 0.25.3 (/opt/ros/humble/share/tf2_ros/cmake)
[5.445s] -- Found tf2_geometry_msgs: 0.25.3 (/opt/ros/humble/share/tf2_geometry_msgs/cmake)
[5.451s] -- Ensuring Eigen3 include directory is part of orocos-kdl CMake target
[5.456s] -- Found nav_msgs: 4.2.3 (/opt/ros/humble/share/nav_msgs/cmake)
[5.510s] -- Found ament_lint_auto: 0.12.7 (/opt/ros/humble/share/ament_lint_auto/cmake)
[5.561s] -- Added test 'copyright' to check source files copyright and LICENSE
[5.567s] -- Added test 'cppcheck' to perform static code analysis on C / C++ code
[5.567s] -- Configured cppcheck include dirs: /home/klingjac/ws_offboard_control/src/px4_ros_com/include;$<BUILD_INTERFACE:/home/klingjac/ws_offboard_control/src/px4_ros_com/include/px4_ros_com>
[5.567s] -- Configured cppcheck exclude dirs and/or files: 
[5.568s] -- Added test 'cpplint' to check C / C++ code against the Google style
[5.568s] -- Configured cpplint exclude dirs and/or files: 
[5.569s] -- Added test 'flake8' to check Python code syntax and style conventions
[5.569s] -- Added test 'lint_cmake' to check CMake code style
[5.570s] -- Added test 'pep257' to check Python code against some of the docstring style conventions in PEP 257
[5.572s] -- Added test 'uncrustify' to check C / C++ code style
[5.572s] -- Configured uncrustify additional arguments: 
[5.572s] -- Added test 'xmllint' to check XML markup files
[5.574s] -- Configuring done
[5.593s] -- Generating done
[5.595s] -- Build files have been written to: /home/klingjac/ws_offboard_control/build/px4_ros_com
[5.610s] [35m[1mConsolidate compiler generated dependencies of target sensor_combined_listener[0m
[5.612s] [35m[1mConsolidate compiler generated dependencies of target debug_vect_advertiser[0m
[5.612s] [35m[1mConsolidate compiler generated dependencies of target vehicle_gps_position_listener[0m
[5.612s] [35m[1mConsolidate compiler generated dependencies of target frame_transforms[0m
[5.614s] [35m[1mConsolidate compiler generated dependencies of target drone_position_plotter[0m
[5.614s] [35m[1mConsolidate compiler generated dependencies of target offboard_control[0m
[5.630s] [ 16%] Built target frame_transforms
[5.637s] [ 50%] [32mBuilding CXX object CMakeFiles/offboard_control.dir/src/examples/offboard/offboard_control.cpp.o[0m
[5.637s] [ 50%] [32mBuilding CXX object CMakeFiles/vehicle_gps_position_listener.dir/src/examples/listeners/vehicle_gps_position_listener.cpp.o[0m
[5.637s] [ 50%] [32mBuilding CXX object CMakeFiles/debug_vect_advertiser.dir/src/examples/advertisers/debug_vect_advertiser.cpp.o[0m
[5.637s] [ 50%] [32mBuilding CXX object CMakeFiles/sensor_combined_listener.dir/src/examples/listeners/sensor_combined_listener.cpp.o[0m
[5.640s] [ 58%] [32mBuilding CXX object CMakeFiles/drone_position_plotter.dir/src/examples/traj_plot/drone_position_plotter.cpp.o[0m
[7.272s] [01m[K/home/klingjac/ws_offboard_control/src/px4_ros_com/src/examples/traj_plot/drone_position_plotter.cpp:[m[K In member function â€˜[01m[Kvoid DronePositionPlotter::attitude_callback(px4_msgs::msg::VehicleAttitude_<std::allocator<void> >::SharedPtr)[m[Kâ€™:
[7.272s] [01m[K/home/klingjac/ws_offboard_control/src/px4_ros_com/src/examples/traj_plot/drone_position_plotter.cpp:59:46:[m[K [01;31m[Kerror: [m[Kâ€˜[01m[KtoMsg[m[Kâ€™ is not a member of â€˜[01m[Ktf2[m[Kâ€™
[7.272s]    59 |         drone_marker.pose.orientation = tf2::[01;31m[KtoMsg[m[K(drone_orientation);
[7.272s]       |                                              [01;31m[K^~~~~[m[K
[8.394s] [ 66%] [32m[1mLinking CXX executable debug_vect_advertiser[0m
[8.608s] [ 66%] Built target debug_vect_advertiser
[8.824s] [ 75%] [32m[1mLinking CXX executable offboard_control[0m
[9.007s] [ 75%] Built target offboard_control
[9.564s] gmake[2]: *** [CMakeFiles/drone_position_plotter.dir/build.make:76: CMakeFiles/drone_position_plotter.dir/src/examples/traj_plot/drone_position_plotter.cpp.o] Error 1
[9.564s] gmake[1]: *** [CMakeFiles/Makefile2:277: CMakeFiles/drone_position_plotter.dir/all] Error 2
[9.564s] gmake[1]: *** Waiting for unfinished jobs....
[10.854s] [ 83%] [32m[1mLinking CXX executable sensor_combined_listener[0m
[10.857s] [ 91%] [32m[1mLinking CXX executable vehicle_gps_position_listener[0m
[11.154s] [ 91%] Built target sensor_combined_listener
[11.166s] [ 91%] Built target vehicle_gps_position_listener
[11.167s] gmake: *** [Makefile:146: all] Error 2
[11.168s] Invoked command in '/home/klingjac/ws_offboard_control/build/px4_ros_com' returned '2': AMENT_PREFIX_PATH=/home/klingjac/ws_offboard_control/install/px4_msgs:${AMENT_PREFIX_PATH} CMAKE_PREFIX_PATH=/home/klingjac/ws_offboard_control/install/px4_msgs:/opt/ros/humble LD_LIBRARY_PATH=/home/klingjac/ws_offboard_control/install/px4_msgs/lib:${LD_LIBRARY_PATH} PYTHONPATH=/home/klingjac/ws_offboard_control/install/px4_msgs/local/lib/python3.10/dist-packages:${PYTHONPATH} /usr/bin/cmake --build /home/klingjac/ws_offboard_control/build/px4_ros_com -- -j20 -l20
