[35m[1mConsolidate compiler generated dependencies of target offboard_control[0m
[ 20%] Built target frame_transforms
[ 70%] [32mBuilding CXX object CMakeFiles/sensor_combined_listener.dir/src/examples/listeners/sensor_combined_listener.cpp.o[0m
[ 80%] Built target debug_vect_advertiser
[ 80%] Built target vehicle_gps_position_listener
[ 70%] [32mBuilding CXX object CMakeFiles/offboard_control.dir/src/examples/offboard/offboard_control.cpp.o[0m
[01m[K/home/klingjac/ws_offboard_control/src/px4_ros_com/src/examples/offboard/offboard_control.cpp:[m[K In member function â€˜[01m[Kvoid OffboardControl::publish_trajectory_setpoint()[m[Kâ€™:
[01m[K/home/klingjac/ws_offboard_control/src/px4_ros_com/src/examples/offboard/offboard_control.cpp:158:20:[m[K [01;31m[Kerror: [m[Kâ€˜[01m[KPI[m[Kâ€™ was not declared in this scope
  158 |         msg.yaw = -[01;31m[KPI[m[K; // [-PI:PI]
      |                    [01;31m[K^~[m[K
gmake[2]: *** [CMakeFiles/offboard_control.dir/build.make:76: CMakeFiles/offboard_control.dir/src/examples/offboard/offboard_control.cpp.o] Error 1
gmake[1]: *** [CMakeFiles/Makefile2:249: CMakeFiles/offboard_control.dir/all] Error 2
gmake[1]: *** Waiting for unfinished jobs....
[ 90%] [32m[1mLinking CXX executable sensor_combined_listener[0m
[ 90%] Built target sensor_combined_listener
gmake: *** [Makefile:146: all] Error 2
