[01m[K/home/klingjac/ws_offboard_control/src/px4_ros_com/src/examples/offboard/offboard_control.cpp:103:18:[m[K [01;31m[Kerror: [m[Kexpected â€˜[01m[K;[m[Kâ€™ at end of member declaration
  103 |         uint64_t [01;31m[Kcircle_flight_phase_[m[K++;
      |                  [01;31m[K^~~~~~~~~~~~~~~~~~~~[m[K
      |                                      [32m[K;[m[K
[01m[K/home/klingjac/ws_offboard_control/src/px4_ros_com/src/examples/offboard/offboard_control.cpp:103:38:[m[K [01;31m[Kerror: [m[Kexpected unqualified-id before â€˜[01m[K++[m[Kâ€™ token
  103 |         uint64_t circle_flight_phase_[01;31m[K++[m[K;
      |                                      [01;31m[K^~[m[K
[01m[K/home/klingjac/ws_offboard_control/src/px4_ros_com/src/examples/offboard/offboard_control.cpp:[m[K In member function â€˜[01m[Kvoid OffboardControl::publish_trajectory_setpoint()[m[Kâ€™:
[01m[K/home/klingjac/ws_offboard_control/src/px4_ros_com/src/examples/offboard/offboard_control.cpp:153:19:[m[K [01;31m[Kerror: [m[Kâ€˜[01m[Kradius[m[Kâ€™ was not declared in this scope
  153 |         float x = [01;31m[Kradius[m[K * std::cos(2 * 3.14 * circle_flight_phase_ / 1000.0);
      |                   [01;31m[K^~~~~~[m[K
gmake[2]: *** [CMakeFiles/offboard_control.dir/build.make:76: CMakeFiles/offboard_control.dir/src/examples/offboard/offboard_control.cpp.o] Error 1
gmake[1]: *** [CMakeFiles/Makefile2:249: CMakeFiles/offboard_control.dir/all] Error 2
gmake: *** [Makefile:146: all] Error 2
